[10:34:15.233] [INFO] Storybook Upgrade - v10.0.1
[10:34:15.251] [INFO] detect-projects-spinner-start: Detecting projects...
[10:34:15.252] [DEBUG] Finding Storybook projects...
[10:34:15.402] [DEBUG] Found 1 Storybook projects
[10:34:15.403] [INFO] detect-projects-spinner: Detecting projects: 1 projects
[10:34:15.403] [DEBUG] Getting Storybook data...
[10:34:15.403] [DEBUG] Getting Storybook info...
[10:34:15.405] [DEBUG] Loading main config...
[10:34:15.626] [DEBUG] Getting stories paths...
[10:34:15.635] [DEBUG] Getting package manager...
[10:34:15.898] [DEBUG] Getting Storybook version...
[10:34:15.899] [DEBUG] /.storybook - Validating before version... 9.1.10
[10:34:15.899] [DEBUG] /.storybook - Validating upgrade compatibility...
[10:34:15.899] [DEBUG] /.storybook - Fetching NPM version information...
[10:34:15.899] [DEBUG] Getting CLI versions from NPM for storybook...
[10:34:15.900] [DEBUG] Getting CLI versions from NPM for storybook@next...
[10:34:16.521] [DEBUG] /.storybook - Evaluating blockers...
[10:34:16.527] [DEBUG] Getting installed version for @storybook/experimental-addon-test...
[10:34:17.650] [INFO] detect-projects-spinner-stop: 1 project detected
[10:34:17.650] [DEBUG] Found 1 valid projects and 0 error projects
[10:34:17.650] [INFO] Upgrading from 9.1.10 to 10.0.1
[10:34:17.663] [INFO] upgrade-dependencies-task-start: Fetching versions to update package.json files..
[10:34:17.663] [DEBUG] Updating dependencies in /.storybook...
[10:34:17.675] [INFO] upgrade-dependencies-task: /package.json
[10:34:17.675] [DEBUG] Getting CLI versions from NPM for @chromatic-com/storybook...
[10:34:18.181] [DEBUG] {
  "upgradedDependencies": []
}
[10:34:18.181] [DEBUG] {
  "upgradedDevDependencies": [
    "@storybook/addon-docs@10.0.1",
    "@storybook/addon-links@10.0.1",
    "@storybook/addon-onboarding@10.0.1",
    "@storybook/addon-themes@10.0.1",
    "@storybook/nextjs@10.0.1",
    "eslint-plugin-storybook@10.0.1",
    "storybook@10.0.1",
    "@chromatic-com/storybook@4.1.2"
  ]
}
[10:34:18.181] [DEBUG] {
  "upgradedPeerDependencies": []
}
[10:34:18.181] [DEBUG] Getting CLI versions from NPM for @storybook/addon-docs...
[10:34:18.894] [DEBUG] Getting CLI versions from NPM for @storybook/addon-links...
[10:34:19.591] [DEBUG] Getting CLI versions from NPM for @storybook/addon-onboarding...
[10:34:20.143] [DEBUG] Getting CLI versions from NPM for @storybook/addon-themes...
[10:34:20.693] [DEBUG] Getting CLI versions from NPM for @storybook/nextjs...
[10:34:21.310] [DEBUG] Getting CLI versions from NPM for eslint-plugin-storybook...
[10:34:21.783] [DEBUG] Using cached version for storybook...
[10:34:21.783] [DEBUG] Using cached version for @chromatic-com/storybook...
[10:34:21.783] [INFO] upgrade-dependencies-task-success: Updated package versions in package.json files
[10:34:21.784] [INFO] detect-automigrations-task-start: Detecting automigrations...
[10:34:21.784] [DEBUG] Starting automigration collection across 1 projects and 18 fixes...
[10:34:21.800] [INFO] detect-automigrations-task: Checking automigrations for /.storybook...
[10:34:21.800] [DEBUG] Processing project: /.storybook
[10:34:21.801] [DEBUG] Checking fix eslintPlugin for project /.storybook...
[10:34:21.801] [DEBUG] Checking fix addon-mdx-gfm-remove for project /.storybook...
[10:34:21.801] [DEBUG] Checking fix addon-storysource-code-panel for project /.storybook...
[10:34:21.801] [DEBUG] Checking fix upgrade-storybook-related-dependencies for project /.storybook...
[10:34:21.801] [DEBUG] Checking for incompatible storybook packages...
[10:34:21.803] [DEBUG] Getting installed version for @storybook/auto-config...
[10:34:22.955] [DEBUG] An issue occurred while trying to find dependencies metadata using npm.
[10:34:22.955] [DEBUG] Getting CLI versions from NPM for @storybook/auto-config...
[10:34:24.604] [DEBUG] Checking fix initial-globals for project /.storybook...
[10:34:24.620] [DEBUG] Checking fix addon-globals-api for project /.storybook...
[10:34:24.623] [DEBUG] Checking fix addon-a11y-addon-test for project /.storybook...
[10:34:24.623] [DEBUG] Checking fix consolidated-imports for project /.storybook...
[10:34:24.624] [DEBUG] Checking fix addon-experimental-test for project /.storybook...
[10:34:24.624] [DEBUG] Using cached installed version for @storybook/experimental-addon-test...
[10:34:24.624] [DEBUG] Checking fix rnstorybook-config for project /.storybook...
[10:34:24.624] [DEBUG] Checking fix migrate-addon-console for project /.storybook...
[10:34:24.624] [DEBUG] Checking fix remove-addon-interactions for project /.storybook...
[10:34:24.624] [DEBUG] Checking fix renderer-to-framework for project /.storybook...
[10:34:24.625] [DEBUG] Checking fix remove-essential-addons for project /.storybook...
[10:34:24.625] [DEBUG] Checking fix addon-a11y-parameters for project /.storybook...
[10:34:24.625] [DEBUG] Checking fix remove-docs-autodocs for project /.storybook...
[10:34:24.626] [DEBUG] Checking fix wrap-getAbsolutePath for project /.storybook...
[10:34:24.628] [DEBUG] Checking fix fix-faux-esm-require for project /.storybook...
[10:34:24.640] [INFO] detect-automigrations-task: 
Automigrations detected:
[10:34:24.640] [INFO] detect-automigrations-task-success: No automigrations detected
[10:34:24.640] [DEBUG] Completed automigrations for /.storybook
[10:34:24.640] [INFO] Installing dependencies...
[10:34:24.640] [INFO] install-dependencies-task-start: Installing dependencies...
[10:34:33.614] [INFO] added 5 packages, removed 17 packages, changed 19 packages, and audited 1273 packages in 9s
[10:34:33.770] [INFO] install-dependencies-task: added 5 packages, removed 17 packages, changed 19
packages, and audited 1273 packages in 9s
[10:34:33.771] [INFO] 279 packages are looking for funding
  run `npm fund` for details

23 vulnerabilities (5 low, 9 moderate, 4 high, 5 critical)

To address issues that do not require attention, run:
  npm audit fix

Some issues need review, and may require choosing
a different dependency.

Run `npm audit` for details.
[10:34:33.818] [INFO] install-dependencies-task: 279 packages are looking for funding
run `npm fund` for details

23 vulnerabilities (5 low, 9 moderate, 4 high, 5
critical)

To address issues that do not require attention, run:
npm audit fix

Some issues need review, and may require choosing
a different dependency.

Run `npm audit` for details.
[10:34:33.819] [INFO] Dependencies installed
[10:34:33.819] [INFO] install-dependencies-task-success: Dependencies installed
[10:34:33.820] [INFO] Checking the health of your project(s)..
[10:34:34.505] [WARN] /.storybook: 1 issue found
[10:34:34.518] [INFO] You are currently using Storybook 10.0.1 but you have packages which are incompatible with it:

- @storybook/auto-config@0.0.3 which depends on ^7.3.0

Please consider updating your packages or contacting the maintainers for compatibility details.

For more on Storybook 9 compatibility, see the linked GitHub issue:
https://github.com/storybookjs/storybook/issues/30944
[10:34:34.518] [INFO] Incompatible Packages
[10:34:34.529] [INFO] You are currently using Storybook 10.0.1 but you have packages which are incompatible with it:

- @storybook/auto-config@0.0.3 which depends on ^7.3.0

Please consider updating your packages or contacting the maintainers for compatibility details.

For more on Storybook 9 compatibility, see the linked GitHub issue:
https://github.com/storybookjs/storybook/issues/30944
[10:34:34.538] [INFO] Storybook doctor is complete!
[10:34:34.550] [INFO] You can always recheck the health of your project(s) by running:
npx storybook doctor
[10:34:34.560] [INFO] The upgrade is complete!
[10:34:34.570] [INFO] Your project(s) have been upgraded successfully, but some issues were found which need your attention, please check Storybook doctor logs above.
[10:34:34.579] [INFO] For a full list of changes, please check our migration guide: https://storybook.js.org/docs/releases/migration-guide?ref=upgrade